<?xml version="1.0" encoding="UTF-8"?>
<!-- Generated by org.testng.reporters.JUnitReportReporter -->
<testsuite skipped="0" hostname="yougeshghildyal" name="com.selenium.Test.SearchTest" tests="1" failures="0" timestamp="2021-07-01T19:28:51 IST" time="13.630" errors="0">
  <testcase name="Blog" time="13.630" classname="com.selenium.Test.SearchTest"/>
  <system-out/>
</testsuite> <!-- com.selenium.Test.SearchTest -->
