<?xml version="1.0" encoding="UTF-8"?>
<!-- Generated by org.testng.reporters.JUnitReportReporter -->
<testsuite skipped="0" hostname="yougeshghildyal" name="com.selenium.Test.RPollTest" tests="2" failures="0" timestamp="2021-07-05T15:24:05 IST" time="150.838" errors="0">
  <testcase name="Play" time="87.893" classname="com.selenium.Test.RPollTest"/>
  <system-out/>
  <testcase name="Switch" time="62.945" classname="com.selenium.Test.RPollTest"/>
  <system-out/>
</testsuite> <!-- com.selenium.Test.RPollTest -->
