<?xml version="1.0" encoding="UTF-8"?>
<!-- Generated by org.testng.reporters.JUnitReportReporter -->
<testsuite skipped="0" hostname="yougeshghildyal" name="com.selenium.Test.RPollTest" tests="2" failures="0" timestamp="2021-07-02T15:54:36 IST" time="11.431" errors="0">
  <testcase name="Play" time="5.892" classname="com.selenium.Test.RPollTest"/>
  <system-out/>
  <testcase name="Switch" time="5.539" classname="com.selenium.Test.RPollTest"/>
  <system-out/>
</testsuite> <!-- com.selenium.Test.RPollTest -->
