<?xml version="1.0" encoding="UTF-8"?>
<!-- Generated by org.testng.reporters.JUnitReportReporter -->
<testsuite skipped="0" hostname="yougeshghildyal" name="com.selenium.Test.OperatorTest" tests="2" failures="0" timestamp="2021-07-05T21:23:10 IST" time="28.055" errors="0">
  <testcase name="TopOperator" time="14.622" classname="com.selenium.Test.OperatorTest"/>
  <system-out/>
  <testcase name="SwitchOperatorDirectories" time="13.433" classname="com.selenium.Test.OperatorTest"/>
  <system-out/>
</testsuite> <!-- com.selenium.Test.OperatorTest -->
