<?xml version="1.0" encoding="UTF-8"?>
<!-- Generated by org.testng.reporters.JUnitReportReporter -->
<testsuite skipped="0" hostname="yougeshghildyal" name="com.selenium.Test.LoginTest" tests="1" failures="0" timestamp="2021-07-04T18:15:49 IST" time="19.279" errors="0">
  <testcase name="ValidLogin" time="19.279" classname="com.selenium.Test.LoginTest"/>
  <system-out/>
</testsuite> <!-- com.selenium.Test.LoginTest -->
