<?xml version="1.0" encoding="UTF-8"?>
<!-- Generated by org.testng.reporters.JUnitReportReporter -->
<testsuite skipped="0" hostname="yougeshghildyal" name="com.selenium.Test.HomeTest" tests="1" failures="0" timestamp="2021-07-04T18:07:47 IST" time="34.601" errors="0">
  <testcase name="ContactUs" time="34.601" classname="com.selenium.Test.HomeTest"/>
  <system-out/>
</testsuite> <!-- com.selenium.Test.HomeTest -->
