<?xml version="1.0" encoding="UTF-8"?>
<!-- Generated by org.testng.reporters.JUnitReportReporter -->
<testsuite skipped="0" hostname="yougeshghildyal" name="com.selenium.Test.RedBusCareTest" tests="1" failures="0" timestamp="2021-07-01T16:39:13 IST" time="9.772" errors="0">
  <testcase name="RedBusCare" time="9.772" classname="com.selenium.Test.RedBusCareTest"/>
  <system-out/>
</testsuite> <!-- com.selenium.Test.RedBusCareTest -->
