<?xml version="1.0" encoding="UTF-8"?>
<!-- Generated by org.testng.reporters.JUnitReportReporter -->
<testsuite skipped="0" hostname="yougeshghildyal" name="com.selenium.Test.AwardRecognitionTest" tests="1" failures="0" timestamp="2021-07-02T15:52:37 IST" time="7.810" errors="0">
  <testcase name="TrustedBrand" time="7.810" classname="com.selenium.Test.AwardRecognitionTest"/>
  <system-out/>
</testsuite> <!-- com.selenium.Test.AwardRecognitionTest -->
