<?xml version="1.0" encoding="UTF-8"?>
<!-- Generated by org.testng.reporters.JUnitReportReporter -->
<testsuite skipped="0" hostname="yougeshghildyal" name="com.selenium.Test.RPollTest" tests="2" failures="0" timestamp="2021-07-05T21:23:10 IST" time="34.667" errors="0">
  <testcase name="Switch" time="7.324" classname="com.selenium.Test.RPollTest"/>
  <system-out/>
  <testcase name="Play" time="27.343" classname="com.selenium.Test.RPollTest"/>
  <system-out/>
</testsuite> <!-- com.selenium.Test.RPollTest -->
