<?xml version="1.0" encoding="UTF-8"?>
<!-- Generated by org.testng.reporters.JUnitReportReporter -->
<testsuite skipped="0" hostname="yougeshghildyal" name="com.selenium.Test.ChatbotTest" tests="1" failures="0" timestamp="2021-06-29T15:30:19 IST" time="8.933" errors="0">
  <testcase name="RPollHelp" time="8.933" classname="com.selenium.Test.ChatbotTest"/>
  <system-out/>
</testsuite> <!-- com.selenium.Test.ChatbotTest -->
