<?xml version="1.0" encoding="UTF-8"?>
<!-- Generated by org.testng.reporters.JUnitReportReporter -->
<testsuite skipped="0" hostname="yougeshghildyal" name="com.selenium.Test.AwardRecognitionTest" tests="1" failures="0" timestamp="2021-07-05T19:55:35 IST" time="11.060" errors="0">
  <testcase name="TrustedBrand" time="11.060" classname="com.selenium.Test.AwardRecognitionTest"/>
  <system-out/>
</testsuite> <!-- com.selenium.Test.AwardRecognitionTest -->
