<?xml version="1.0" encoding="UTF-8"?>
<!-- Generated by org.testng.reporters.JUnitReportReporter -->
<testsuite skipped="0" hostname="yougeshghildyal" name="com.selenium.Test.RPollTest" tests="2" failures="0" timestamp="2021-07-05T19:55:35 IST" time="32.166" errors="0">
  <testcase name="Play" time="24.336" classname="com.selenium.Test.RPollTest"/>
  <system-out/>
  <testcase name="Switch" time="7.830" classname="com.selenium.Test.RPollTest"/>
  <system-out/>
</testsuite> <!-- com.selenium.Test.RPollTest -->
