<?xml version="1.0" encoding="UTF-8"?>
<!-- Generated by org.testng.reporters.JUnitReportReporter -->
<testsuite skipped="0" hostname="yougeshghildyal" name="com.selenium.Test.BusHireTest" tests="3" failures="0" timestamp="2021-07-01T16:40:56 IST" time="54.902" errors="0">
  <testcase name="OutstationType" time="18.474" classname="com.selenium.Test.BusHireTest"/>
  <system-out/>
  <testcase name="LocalType" time="18.589" classname="com.selenium.Test.BusHireTest"/>
  <system-out/>
  <testcase name="AirPortType" time="17.839" classname="com.selenium.Test.BusHireTest"/>
  <system-out/>
</testsuite> <!-- com.selenium.Test.BusHireTest -->
