<?xml version="1.0" encoding="UTF-8"?>
<!-- Generated by org.testng.reporters.JUnitReportReporter -->
<testsuite skipped="0" hostname="yougeshghildyal" name="com.selenium.Test.HomeTest" tests="4" failures="0" timestamp="2021-07-01T16:39:13 IST" time="48.446" errors="0">
  <testcase name="InvalidManageBooking" time="9.704" classname="com.selenium.Test.HomeTest"/>
  <system-out/>
  <testcase name="changeCountry" time="13.980" classname="com.selenium.Test.HomeTest"/>
  <system-out/>
  <testcase name="ContactUs" time="9.999" classname="com.selenium.Test.HomeTest"/>
  <system-out/>
  <testcase name="RPollHelp" time="14.763" classname="com.selenium.Test.HomeTest"/>
  <system-out/>
</testsuite> <!-- com.selenium.Test.HomeTest -->
