<?xml version="1.0" encoding="UTF-8"?>
<!-- Generated by org.testng.reporters.JUnitReportReporter -->
<testsuite skipped="0" hostname="yougeshghildyal" name="com.selenium.Test.OperatorTest" tests="2" failures="0" timestamp="2021-07-05T19:55:35 IST" time="24.080" errors="0">
  <testcase name="TopOperator" time="12.530" classname="com.selenium.Test.OperatorTest"/>
  <system-out/>
  <testcase name="SwitchOperatorDirectories" time="11.550" classname="com.selenium.Test.OperatorTest"/>
  <system-out/>
</testsuite> <!-- com.selenium.Test.OperatorTest -->
