<?xml version="1.0" encoding="UTF-8"?>
<!-- Generated by org.testng.reporters.JUnitReportReporter -->
<testsuite skipped="0" hostname="yougeshghildyal" name="com.selenium.Test.RPollTest" tests="2" failures="0" timestamp="2021-07-01T16:39:13 IST" time="24.540" errors="0">
  <testcase name="Play" time="14.909" classname="com.selenium.Test.RPollTest"/>
  <system-out/>
  <testcase name="Switch" time="9.631" classname="com.selenium.Test.RPollTest"/>
  <system-out/>
</testsuite> <!-- com.selenium.Test.RPollTest -->
