<?xml version="1.0" encoding="UTF-8"?>
<!-- Generated by org.testng.reporters.JUnitReportReporter -->
<testsuite skipped="0" hostname="yougeshghildyal" name="com.selenium.Test.OperatorTest" tests="1" failures="0" timestamp="2021-07-02T16:43:04 IST" time="10.196" errors="0">
  <testcase name="TopOperator" time="10.196" classname="com.selenium.Test.OperatorTest"/>
  <system-out/>
</testsuite> <!-- com.selenium.Test.OperatorTest -->
