<?xml version="1.0" encoding="UTF-8"?>
<!-- Generated by org.testng.reporters.JUnitReportReporter -->
<testsuite skipped="0" hostname="yougeshghildyal" name="com.selenium.Test.ContactUsTest" tests="1" failures="0" timestamp="2021-06-29T17:04:00 IST" time="7.683" errors="0">
  <testcase name="ContactUs" time="7.683" classname="com.selenium.Test.ContactUsTest"/>
  <system-out/>
</testsuite> <!-- com.selenium.Test.ContactUsTest -->
