<?xml version="1.0" encoding="UTF-8"?>
<!-- Generated by org.testng.reporters.JUnitReportReporter -->
<testsuite skipped="0" hostname="yougeshghildyal" name="com.selenium.Test.RedBusCareTest" tests="1" failures="0" timestamp="2021-07-02T15:55:18 IST" time="6.391" errors="0">
  <testcase name="RedBusCare" time="6.391" classname="com.selenium.Test.RedBusCareTest"/>
  <system-out/>
</testsuite> <!-- com.selenium.Test.RedBusCareTest -->
