<?xml version="1.0" encoding="UTF-8"?>
<!-- Generated by org.testng.reporters.JUnitReportReporter -->
<testsuite skipped="0" hostname="yougeshghildyal" name="com.selenium.Test.OperatorTest" tests="2" failures="0" timestamp="2021-07-01T16:39:13 IST" time="25.564" errors="0">
  <testcase name="TopOperator" time="13.708" classname="com.selenium.Test.OperatorTest"/>
  <system-out/>
  <testcase name="SwitchOperatorDirectories" time="11.856" classname="com.selenium.Test.OperatorTest"/>
  <system-out/>
</testsuite> <!-- com.selenium.Test.OperatorTest -->
